21224751
20232909
19687141
21392678
17814601
19523833
21211403
18443819
23941817
21778551
18850333
18243502
17974461
19921754
22779168
25223342
17964409
18405190
23149396
21523437
18384500
22747708
18774598
18278280
19792214
19514902
23099837
20081916
16859567
22501481
18434943
23596628
21524453
22210301
19938247
16724703
21666898
20614852
19187873
26262388
21769545
19280800
19641860
22501619
25283433
23210643
20360671
18700894
18279324
21227806
24494004
24263862
22809278
19949527
21951234
19351896
22098112
19264638
21748968
18283873
21516331
23052585
20652979
19293244
18142051
23219429
20477645
19494866
21534815
19203371
19672743
21698015
17287856
21755486
24011551
19666930
16571622
20163324
20013682
19033998
19030328
18669147
25026937
20469652
19281534
16971884
23840306
19076240
18924590
17368116
21507890
18447428
22351061
17833110
22800572
21662076
19950573
20040579
21507412
22664922
101381116
109983334
