432
900
139724541
102900
36840
405702990
24569362
1
801696864
6
7875900
664085555
40
560
5082450
600
814981825
38830176
158904
2401
599380925
349664370
160
3078
36
828350067
1724247
282272537
768253896
160109696
17650710
1989900
1155
360
162324
14
465822
52111941
88200
36
253150877
603185182
410537056
8460
900530204
25
170298854
19341548
71965669
1
450946060
10
60
406908
24
475461090
163326102
510937506
60
45890928
947006272
3757860
88
7112448
136470
764580492
20629600
20
266028871
7
36
191499168
89100
651027172
9548
944523409
379022399
142337745
2340
15168
33
144506349
577406972
7149240
1
15772464
315294000
1456000
2883750
2918880
33
5879304
465638443
312
18423720
200
71610
932735352
5
365204088
1188
456822443
42
329101773
840392333
90
246402950
9
281736
36
998261395
917123667
92901900
9
438732
388250460
6
1
15220
687498671
5460792
3650
1167588
192
20
6034
800789979
3
557991522
1412
5
33
320220
312
490
128081309
13705750
22056
9
407840011
978726
742648705
19047800
49745570
880
18
399149279
2
2334360
80244480
26712
37992000
600
131193616
336
857945326
855622050
610975573
97040
61452
5
3740
336128
84682
216
459111950
12020
681107940
601039158
2141579
735983672
721690012
356905224
512
69200
663084
218979779
9634952
522075950
377
7
659970
906193344
922193686
955928294
906480
252
86189530
396126
5
9980
1176
32
63499744
11233500
7
988663361
934728572
16680
959220490
632527953
3744
183295427
767133759
19756128
227272942
548279899
345856816
10
44147382
108
84101530
859963937
824509972
1944
6
216617004
84600
3150
22638
2940
178270022
8
219869490
1736
392816000
3808
72
61925857
368
827820
767552515
5
60
790585579
207450
2870
65952
2959968
6
378
2
966565496
918245092
21871255
623268116
11313
488863102
32461520
113778
58021085
368984001
260
14500
816068674
54
979025616
723401029
480
72
48903342
590381313
843015
554256584
1688140
103992
2
2581341
353074080
427798940
125
10720
19053085
632152263
64800
503245890
625979596
7766
60
4
40
25404
440
251807939
559087532
40
26707152
54
3666
655207
255385290
6
19331190
494477442
10296
61047
82903720
106082
1822730
48
15185520
3
348577957
10
221294880
4073832
2200
155715013
40
4
163527680
814688933
961875438
79200
69196000
141480
71400
36
1055075
8256
646386150
648133694
17793
26460
121852800
8
1
2904240
184828089
676568700
13481676
25265520
912
6426
163020000
18
1728
540051433
115715781
29818869
129171
96
771168891
210
2952
124678003
281060388
5952
2566836
16938250
50922
572851008
1191
15
35
9
4
738617172
702965979
918
278256362
14292
800
2
216287941
893295344
9276
665
520
22260
4878756
12
524437888
697289985
24174
20
4
70331200
105
968208891
480888
750
132480
4873680
165592650
28
313766609
84
38080
1458
2358
16
999405941
8040
727690600
179376000
56277480
4536
999080553
7560
361967169
486
518420
667550654
16147656
2022912
80
1127856
14
2604
80
7374240
6256656
23019309
602889749
322285212
982343641
7965198
3
77040
682255988
70000215
381674562
311888720
6417
170591329
10
354708
369065110
672000
53575200
137032560
840
2
72
13338
64956178
93700
57828456
396235787
589613668
27
846251105
7
52682490
702564491
201653203
723435558
198574513
959343742
63
663801788
113630940
613701168
167959529
18400680
583199254
1840
194409232
1665
19482732
8850
204127970
968554470
240
50
91076
275275584
2
2919672
30006
3844120
39760
5300
11844
706751200
312543795
400652004
12
8
45
37994700
425609297
108
43893602
182500500
3625528
673607277
54
54116459
193587292
27413280
662019
