672
1152
1200
1024
1280
1344
1024
896
1152
896
1200
1200
1344
1152
1200
1344
1200
864
1152
960
1200
1200
576
1344
1200
1344
1200
1344
960
960
1280
720
896
1152
1152
1008
480
1344
1344
896
768
1280
768
1024
1024
1152
1152
720
1344
1200
1344
1200
480
1200
1344
1152
1344
1344
1200
1344
1152
720
1152
1200
1200
1344
1344
672
1024
1344
504
1344
1200
1024
1024
1152
800
1344
1152
1200
768
1200
1344
1280
1200
1344
1344
1152
1344
1008
1152
896
864
1344
1344
1344
1008
960
1152
1344
1008
1200
1008
864
1152
1344
1152
1152
1344
1152
1200
1200
1200
1008
1344
1344
896
512
1344
1280
1024
896
1344
1008
1200
1344
1152
720
1152
1152
960
1344
1344
1344
896
1344
960
1344
1152
1152
1152
1344
768
1152
600
1024
1200
672
1152
1200
1200
1344
1344
800
600
1008
672
896
1200
720
896
448
640
1152
1200
1344
960
1344
1008
896
1344
1344
1344
1344
1200
1152
1344
960
1152
1200
1200
1024
1152
1024
768
1344
1152
1200
1200
1344
1152
1024
1280
1344
1280
1344
1280
1344
1200
720
1200
1152
1344
1152
1152
1280
1200
1344
960
1280
960
1200
1344
768
672
1152
1152
1200
1344
1200
1344
1200
1200
960
1344
1344
1344
1152
1152
1280
1344
1152
1344
576
672
1024
864
1152
1152
1152
720
1152
720
960
768
960
1280
1152
800
1200
1344
1152
1008
672
1200
1344
864
1344
1280
768
1344
512
1152
1200
384
1008
864
1008
384
960
1152
1200
1008
800
1200
1344
1200
1200
1200
1344
1008
720
1344
1152
1200
1152
1152
1024
1344
1344
1008
896
1200
1344
1152
600
1200
1024
1152
672
1200
1344
1152
512
1152
1008
1152
1344
1344
512
1344
1344
1024
720
864
384
1024
896
640
1024
896
1152
672
1152
1344
1200
960
960
1200
1344
1344
1200
864
1344
1200
1152
800
896
1152
1152
1344
720
1344
1200
1344
576
1344
1344
1200
1152
1008
1152
1344
1344
1344
1008
1200
1200
720
768
1152
1200
1152
672
1344
960
480
1200
1152
1152
1280
1344
1344
480
1152
1200
1280
896
1344
1152
1280
1344
1344
1152
1200
432
1008
960
1152
1152
960
1024
1344
1024
960
1152
1152
768
1344
1344
1344
768
1152
1152
1280
1344
1344
1200
768
1344
672
1152
1200
768
960
1024
1344
1152
1280
1344
1344
1344
864
960
960
1152
1344
1280
1344
1152
960
1344
1152
896
768
1200
1344
1344
800
896
1344
1200
1152
1344
1344
1024
1152
1344
1200
1344
1344
1344
1200
1280
960
1152
1024
864
1152
576
1200
1344
1200
1024
896
1344
1152
1344
1152
1200
1200
1200
1008
1344
1008
1024
768
1344
1152
640
1200
1344
1024
1344
384
1024
960
1200
1344
1008
90
1344
1344
864
1344
1344
1344
1152
1200
768
